{
  "RSpec": {
    "coverage": {
      "/myapp/app/controllers/robot_control_controller.rb": {
        "lines": [
          null,
          null,
          1,
          1,
          13,
          null,
          null,
          null,
          null,
          1,
          null,
          4,
          null,
          null,
          1,
          null,
          1,
          13,
          null,
          null,
          1,
          26,
          null,
          null,
          1,
          13,
          null,
          null
        ]
      },
      "/myapp/app/controllers/application_controller.rb": {
        "lines": [
          null,
          null,
          1,
          null
        ]
      },
      "/myapp/app/domains/control/commands_service.rb": {
        "lines": [
          null,
          null,
          1,
          1,
          1,
          1,
          null,
          1,
          null,
          1,
          22,
          74,
          null,
          67,
          null,
          67,
          null,
          null,
          null,
          1,
          null,
          1,
          7,
          null,
          7,
          null,
          2,
          null,
          null,
          1,
          74,
          null,
          null,
          1,
          67,
          57,
          10,
          10,
          null,
          null,
          null,
          null
        ]
      },
      "/myapp/app/registry/auto_inject.rb": {
        "lines": [
          null,
          null,
          1
        ]
      },
      "/myapp/app/registry/container.rb": {
        "lines": [
          null,
          null,
          1,
          1,
          null,
          14,
          14,
          14,
          14,
          14,
          null,
          58,
          null
        ]
      },
      "/myapp/app/domains/navigation/commands.rb": {
        "lines": [
          null,
          null,
          1,
          1,
          1,
          1,
          1,
          1,
          null,
          null,
          1,
          null,
          null,
          null,
          null,
          null,
          null
        ]
      },
      "/myapp/app/domains/operational/commands.rb": {
        "lines": [
          null,
          null,
          1,
          1,
          1,
          1,
          null,
          null,
          1,
          null,
          null,
          null,
          null
        ]
      },
      "/myapp/app/domains/navigation/cardinal_directions_service.rb": {
        "lines": [
          null,
          null,
          1,
          1,
          1,
          null,
          1,
          41,
          null,
          41,
          null,
          39,
          49,
          null,
          null,
          39,
          null,
          null,
          1,
          null,
          1,
          null,
          1,
          49,
          null,
          25,
          null,
          1,
          null,
          21,
          null,
          1,
          null,
          null,
          null,
          null
        ]
      },
      "/myapp/app/domains/operational/dropping_service.rb": {
        "lines": [
          null,
          null,
          1,
          1,
          1,
          null,
          1,
          6,
          null,
          5,
          null,
          4,
          null,
          1,
          null,
          null,
          null
        ]
      },
      "/myapp/app/domains/operational/grabbing_service.rb": {
        "lines": [
          null,
          null,
          1,
          1,
          1,
          null,
          1,
          6,
          null,
          5,
          null,
          4,
          null,
          1,
          null,
          null,
          null
        ]
      },
      "/myapp/app/domains/operational/operations_service.rb": {
        "lines": [
          null,
          null,
          1,
          1,
          1,
          1,
          1,
          null,
          1,
          9,
          null,
          9,
          null,
          8,
          8,
          null,
          null,
          8,
          null,
          null,
          1,
          null,
          1,
          null,
          1,
          8,
          null,
          4,
          null,
          4,
          null,
          null,
          null,
          null
        ]
      },
      "/myapp/app/domains/repositories/crates/active_record_adaptor.rb": {
        "lines": [
          null,
          null,
          1,
          1,
          1,
          1,
          2,
          null,
          null,
          null,
          null
        ]
      },
      "/myapp/app/domains/repositories/crates/base.rb": {
        "lines": [
          null,
          null,
          1,
          1,
          1,
          1,
          0,
          null,
          null,
          null,
          null
        ]
      },
      "/myapp/app/domains/repositories/robots/active_record_adaptor.rb": {
        "lines": [
          null,
          null,
          1,
          1,
          1,
          1,
          52,
          null,
          null,
          1,
          26,
          null,
          null,
          1,
          2,
          null,
          null,
          1,
          22,
          null,
          null,
          1,
          2,
          null,
          null,
          1,
          1,
          null,
          1,
          null,
          null,
          1,
          3,
          3,
          3,
          null,
          null,
          1,
          6,
          null,
          null,
          1,
          6,
          null,
          null,
          1,
          48,
          null,
          null,
          null,
          null
        ]
      },
      "/myapp/app/domains/repositories/robots/base.rb": {
        "lines": [
          null,
          null,
          1,
          1,
          1,
          1,
          0,
          null,
          null,
          1,
          0,
          null,
          null,
          1,
          0,
          null,
          null,
          1,
          0,
          null,
          null,
          1,
          0,
          null,
          null,
          1,
          0,
          null,
          null,
          1,
          0,
          null,
          null,
          1,
          0,
          null,
          null,
          1,
          0,
          null,
          null,
          1,
          0,
          null,
          null,
          null,
          null
        ]
      },
      "/myapp/app/models/crate.rb": {
        "lines": [
          null,
          null,
          1,
          1,
          1,
          null,
          1,
          1,
          1,
          null,
          45,
          38,
          null,
          1,
          37,
          null,
          37,
          37,
          null,
          null,
          1,
          37,
          null,
          37,
          null,
          null,
          1,
          3,
          null,
          null
        ]
      },
      "/myapp/app/models/application_record.rb": {
        "lines": [
          null,
          null,
          1,
          1,
          null
        ]
      },
      "/myapp/app/models/robot.rb": {
        "lines": [
          null,
          null,
          1,
          1,
          1,
          null,
          1,
          1,
          1,
          null,
          110,
          110,
          null,
          1,
          109,
          null,
          109,
          109,
          null,
          null,
          1,
          109,
          null,
          109,
          null,
          null,
          1,
          11,
          null,
          null
        ]
      },
      "/myapp/app/models/warehouse.rb": {
        "lines": [
          null,
          null,
          1,
          1,
          1,
          null
        ]
      },
      "/myapp/app/domains/errors/command_not_supported.rb": {
        "lines": [
          null,
          null,
          1,
          1,
          null
        ]
      },
      "/myapp/app/domains/errors/robot_not_found.rb": {
        "lines": [
          null,
          null,
          1,
          1,
          null
        ]
      }
    },
    "timestamp": 1587680499
  }
}
